<?xml version="1.0" encoding="UTF-8"?>
<!-- Generated by org.testng.reporters.JUnitXMLReporter -->
<testsuite ignored="0" hostname="DESKTOP-853UJB4" failures="0" tests="6" name="Test_003" time="33.335" errors="0" timestamp="2025-11-07T20:02:58 IST">
  <testcase classname="testCases.TC_003DDT" name="dataDriventest" time="2.677"/>
  <testcase classname="testCases.TC_003DDT" name="dataDriventest" time="1.394"/>
  <testcase classname="testCases.TC_003DDT" name="dataDriventest" time="1.483"/>
  <testcase classname="testCases.TC_003DDT" name="dataDriventest" time="10.516"/>
  <testcase classname="testCases.TC_003DDT" name="dataDriventest" time="1.549"/>
  <testcase classname="testCases.TC_003DDT" name="dataDriventest" time="10.505"/>
</testsuite> <!-- Test_003 -->
