<?xml version="1.0" encoding="UTF-8"?>
<testsuite xmlns:xsi="http://www.w3.org/2001/XMLSchema-instance" xsi:noNamespaceSchemaLocation="https://maven.apache.org/surefire/maven-surefire-plugin/xsd/surefire-test-report.xsd" version="3.0.2" name="TestSuite" time="13.976" tests="2" errors="0" skipped="0" failures="0">
  <properties>
[...]
</properties>
  <testcase name="test_account_Registration" classname="testCases.TC_001AccountRegistration" time="3.929">
    <system-out><![CDATA[2025-11-26 11:25:42 INFO  TC_001AccountRegistration:17 - Strating TC_001_AccountRegistrationtTest
2025-11-26 11:25:42 INFO  TC_001AccountRegistration:21 - Clicked on My Account 
2025-11-26 11:25:42 INFO  TC_001AccountRegistration:24 - Clicked on Register 
2025-11-26 11:25:42 INFO  TC_001AccountRegistration:29 - Provided First Name 
2025-11-26 11:25:42 INFO  TC_001AccountRegistration:32 - Provided Last Name 
2025-11-26 11:25:43 INFO  TC_001AccountRegistration:36 - Provided Email 
2025-11-26 11:25:43 INFO  TC_001AccountRegistration:39 - Provided Telephone 
2025-11-26 11:25:43 INFO  TC_001AccountRegistration:42 - Provided Password 
2025-11-26 11:25:43 INFO  TC_001AccountRegistration:45 - Provided Confrmed Password 
2025-11-26 11:25:43 INFO  TC_001AccountRegistration:48 - Set Privacy Policy 
2025-11-26 11:25:44 INFO  TC_001AccountRegistration:51 - Clicked on Continue 
2025-11-26 11:25:46 INFO  TC_001AccountRegistration:63 - Finished TC_001_AccountRegistrationtTest
]]></system-out>
    <system-err><![CDATA[2025-11-26T05:55:38.916906900Z main INFO Starting configuration XmlConfiguration[location=C:\Users\Kaushik\eclipse-workspace\Selenium Web driver\FistProject03\target\test-classes\log4j2.xml, lastModified=2025-11-04T13:40:16.793Z]...
2025-11-26T05:55:38.918905800Z main INFO Configuration XmlConfiguration[location=C:\Users\Kaushik\eclipse-workspace\Selenium Web driver\FistProject03\target\test-classes\log4j2.xml, lastModified=2025-11-04T13:40:16.793Z] started.
2025-11-26T05:55:38.920904800Z main INFO Stopping configuration org.apache.logging.log4j.core.config.DefaultConfiguration@54c62d71...
2025-11-26T05:55:38.921903200Z main INFO Configuration org.apache.logging.log4j.core.config.DefaultConfiguration@54c62d71 stopped.
]]></system-err>
  </testcase>
  <testcase name="Verifyin_Logintest" classname="testCases.TC_002_LoginTest" time="1.459">
    <system-out><![CDATA[2025-11-26 11:25:49 INFO  TC_002_LoginTest:17 - **************Logintest Verifyiing_ Starterd ************************
2025-11-26 11:25:49 INFO  TC_002_LoginTest:20 - **************Clicling myaccounts ************************
2025-11-26 11:25:50 INFO  TC_002_LoginTest:45 - ************** TC_002_LoginTest is Fineshed ************************
]]></system-out>
  </testcase>
</testsuite>