<?xml version="1.0" encoding="UTF-8"?>
<testng-results ignored="0" total="2" passed="2" failed="0" skipped="0">
  <reporter-output>
  </reporter-output>
  <suite started-at="2025-11-26T13:21:13 IST" name="Suite" finished-at="2025-11-26T13:21:25 IST" duration-ms="12350">
    <groups>
      <group name="Master">
        <method signature="TC_001AccountRegistration.test_account_Registration()[pri:0, instance:testCases.TC_001AccountRegistration@f6efaab]" name="test_account_Registration" class="testCases.TC_001AccountRegistration"/>
        <method signature="TC_002_LoginTest.Verifyin_Logintest()[pri:0, instance:testCases.TC_002_LoginTest@351d00c0]" name="Verifyin_Logintest" class="testCases.TC_002_LoginTest"/>
      </group> <!-- Master -->
      <group name="Sanity">
        <method signature="TC_002_LoginTest.Verifyin_Logintest()[pri:0, instance:testCases.TC_002_LoginTest@351d00c0]" name="Verifyin_Logintest" class="testCases.TC_002_LoginTest"/>
      </group> <!-- Sanity -->
    </groups>
    <test started-at="2025-11-26T13:21:13 IST" name="Test" finished-at="2025-11-26T13:21:25 IST" duration-ms="12350">
      <class name="testCases.TC_002_LoginTest">
        <test-method is-config="true" signature="setup(java.lang.String,java.lang.String)[pri:0, instance:testCases.TC_002_LoginTest@351d00c0]" started-at="2025-11-26T13:21:21 IST" name="setup" finished-at="2025-11-26T13:21:24 IST" duration-ms="3052" status="PASS">
          <params>
            <param index="0">
              <value>
                <![CDATA[windows]]>
              </value>
            </param>
            <param index="1">
              <value>
                <![CDATA[chrome]]>
              </value>
            </param>
          </params>
          <reporter-output>
          </reporter-output>
        </test-method> <!-- setup -->
        <test-method signature="Verifyin_Logintest()[pri:0, instance:testCases.TC_002_LoginTest@351d00c0]" started-at="2025-11-26T13:21:24 IST" name="Verifyin_Logintest" finished-at="2025-11-26T13:21:25 IST" duration-ms="1425" status="PASS">
          <reporter-output>
          </reporter-output>
        </test-method> <!-- Verifyin_Logintest -->
        <test-method is-config="true" signature="teardown()[pri:0, instance:testCases.TC_002_LoginTest@351d00c0]" started-at="2025-11-26T13:21:25 IST" name="teardown" finished-at="2025-11-26T13:21:25 IST" duration-ms="132" status="PASS">
          <reporter-output>
          </reporter-output>
        </test-method> <!-- teardown -->
      </class> <!-- testCases.TC_002_LoginTest -->
      <class name="testCases.TC_001AccountRegistration">
        <test-method is-config="true" signature="setup(java.lang.String,java.lang.String)[pri:0, instance:testCases.TC_001AccountRegistration@f6efaab]" started-at="2025-11-26T13:21:13 IST" name="setup" finished-at="2025-11-26T13:21:17 IST" duration-ms="3626" status="PASS">
          <params>
            <param index="0">
              <value>
                <![CDATA[windows]]>
              </value>
            </param>
            <param index="1">
              <value>
                <![CDATA[chrome]]>
              </value>
            </param>
          </params>
          <reporter-output>
          </reporter-output>
        </test-method> <!-- setup -->
        <test-method signature="test_account_Registration()[pri:0, instance:testCases.TC_001AccountRegistration@f6efaab]" started-at="2025-11-26T13:21:17 IST" name="test_account_Registration" finished-at="2025-11-26T13:21:21 IST" duration-ms="3712" status="PASS">
          <reporter-output>
          </reporter-output>
        </test-method> <!-- test_account_Registration -->
        <test-method is-config="true" signature="teardown()[pri:0, instance:testCases.TC_001AccountRegistration@f6efaab]" started-at="2025-11-26T13:21:21 IST" name="teardown" finished-at="2025-11-26T13:21:21 IST" duration-ms="195" status="PASS">
          <reporter-output>
          </reporter-output>
        </test-method> <!-- teardown -->
      </class> <!-- testCases.TC_001AccountRegistration -->
    </test> <!-- Test -->
  </suite> <!-- Suite -->
</testng-results>
