<?xml version="1.0" encoding="UTF-8"?>
<testng-results ignored="0" total="2" passed="2" failed="0" skipped="0">
  <reporter-output>
  </reporter-output>
  <suite started-at="2025-11-26T11:25:38 IST" name="Suite" finished-at="2025-11-26T11:25:50 IST" duration-ms="12509">
    <groups>
      <group name="Master">
        <method signature="TC_001AccountRegistration.test_account_Registration()[pri:0, instance:testCases.TC_001AccountRegistration@55183b20]" name="test_account_Registration" class="testCases.TC_001AccountRegistration"/>
        <method signature="TC_002_LoginTest.Verifyin_Logintest()[pri:0, instance:testCases.TC_002_LoginTest@293a5bf6]" name="Verifyin_Logintest" class="testCases.TC_002_LoginTest"/>
      </group> <!-- Master -->
      <group name="Sanity">
        <method signature="TC_002_LoginTest.Verifyin_Logintest()[pri:0, instance:testCases.TC_002_LoginTest@293a5bf6]" name="Verifyin_Logintest" class="testCases.TC_002_LoginTest"/>
      </group> <!-- Sanity -->
    </groups>
    <test started-at="2025-11-26T11:25:38 IST" name="Test" finished-at="2025-11-26T11:25:50 IST" duration-ms="12509">
      <class name="testCases.TC_002_LoginTest">
        <test-method is-config="true" signature="setup(java.lang.String,java.lang.String)[pri:0, instance:testCases.TC_002_LoginTest@293a5bf6]" started-at="2025-11-26T11:25:46 IST" name="setup" finished-at="2025-11-26T11:25:49 IST" duration-ms="2840" status="PASS">
          <params>
            <param index="0">
              <value>
                <![CDATA[windows]]>
              </value>
            </param>
            <param index="1">
              <value>
                <![CDATA[chrome]]>
              </value>
            </param>
          </params>
          <reporter-output>
          </reporter-output>
        </test-method> <!-- setup -->
        <test-method signature="Verifyin_Logintest()[pri:0, instance:testCases.TC_002_LoginTest@293a5bf6]" started-at="2025-11-26T11:25:49 IST" name="Verifyin_Logintest" finished-at="2025-11-26T11:25:50 IST" duration-ms="1457" status="PASS">
          <reporter-output>
          </reporter-output>
        </test-method> <!-- Verifyin_Logintest -->
        <test-method is-config="true" signature="teardown()[pri:0, instance:testCases.TC_002_LoginTest@293a5bf6]" started-at="2025-11-26T11:25:50 IST" name="teardown" finished-at="2025-11-26T11:25:50 IST" duration-ms="163" status="PASS">
          <reporter-output>
          </reporter-output>
        </test-method> <!-- teardown -->
      </class> <!-- testCases.TC_002_LoginTest -->
      <class name="testCases.TC_001AccountRegistration">
        <test-method is-config="true" signature="setup(java.lang.String,java.lang.String)[pri:0, instance:testCases.TC_001AccountRegistration@55183b20]" started-at="2025-11-26T11:25:38 IST" name="setup" finished-at="2025-11-26T11:25:42 IST" duration-ms="3693" status="PASS">
          <params>
            <param index="0">
              <value>
                <![CDATA[windows]]>
              </value>
            </param>
            <param index="1">
              <value>
                <![CDATA[chrome]]>
              </value>
            </param>
          </params>
          <reporter-output>
          </reporter-output>
        </test-method> <!-- setup -->
        <test-method signature="test_account_Registration()[pri:0, instance:testCases.TC_001AccountRegistration@55183b20]" started-at="2025-11-26T11:25:42 IST" name="test_account_Registration" finished-at="2025-11-26T11:25:46 IST" duration-ms="3919" status="PASS">
          <reporter-output>
          </reporter-output>
        </test-method> <!-- test_account_Registration -->
        <test-method is-config="true" signature="teardown()[pri:0, instance:testCases.TC_001AccountRegistration@55183b20]" started-at="2025-11-26T11:25:46 IST" name="teardown" finished-at="2025-11-26T11:25:46 IST" duration-ms="243" status="PASS">
          <reporter-output>
          </reporter-output>
        </test-method> <!-- teardown -->
      </class> <!-- testCases.TC_001AccountRegistration -->
    </test> <!-- Test -->
  </suite> <!-- Suite -->
</testng-results>
