<?xml version="1.0" encoding="UTF-8"?>
<testng-results ignored="0" total="2" passed="2" failed="0" skipped="0">
  <reporter-output>
  </reporter-output>
  <suite started-at="2025-11-26T13:19:40 IST" name="Suite" finished-at="2025-11-26T13:19:57 IST" duration-ms="16686">
    <groups>
      <group name="Master">
        <method signature="TC_001AccountRegistration.test_account_Registration()[pri:0, instance:testCases.TC_001AccountRegistration@77f80c04]" name="test_account_Registration" class="testCases.TC_001AccountRegistration"/>
        <method signature="TC_002_LoginTest.Verifyin_Logintest()[pri:0, instance:testCases.TC_002_LoginTest@63070bab]" name="Verifyin_Logintest" class="testCases.TC_002_LoginTest"/>
      </group> <!-- Master -->
      <group name="Sanity">
        <method signature="TC_002_LoginTest.Verifyin_Logintest()[pri:0, instance:testCases.TC_002_LoginTest@63070bab]" name="Verifyin_Logintest" class="testCases.TC_002_LoginTest"/>
      </group> <!-- Sanity -->
    </groups>
    <test started-at="2025-11-26T13:19:40 IST" name="Test" finished-at="2025-11-26T13:19:57 IST" duration-ms="16686">
      <class name="testCases.TC_002_LoginTest">
        <test-method is-config="true" signature="setup(java.lang.String,java.lang.String)[pri:0, instance:testCases.TC_002_LoginTest@63070bab]" started-at="2025-11-26T13:19:49 IST" name="setup" finished-at="2025-11-26T13:19:51 IST" duration-ms="2890" status="PASS">
          <params>
            <param index="0">
              <value>
                <![CDATA[windows]]>
              </value>
            </param>
            <param index="1">
              <value>
                <![CDATA[chrome]]>
              </value>
            </param>
          </params>
          <reporter-output>
          </reporter-output>
        </test-method> <!-- setup -->
        <test-method signature="Verifyin_Logintest()[pri:0, instance:testCases.TC_002_LoginTest@63070bab]" started-at="2025-11-26T13:19:51 IST" name="Verifyin_Logintest" finished-at="2025-11-26T13:19:57 IST" duration-ms="5482" status="PASS">
          <reporter-output>
          </reporter-output>
        </test-method> <!-- Verifyin_Logintest -->
        <test-method is-config="true" signature="teardown()[pri:0, instance:testCases.TC_002_LoginTest@63070bab]" started-at="2025-11-26T13:19:57 IST" name="teardown" finished-at="2025-11-26T13:19:57 IST" duration-ms="163" status="PASS">
          <reporter-output>
          </reporter-output>
        </test-method> <!-- teardown -->
      </class> <!-- testCases.TC_002_LoginTest -->
      <class name="testCases.TC_001AccountRegistration">
        <test-method is-config="true" signature="setup(java.lang.String,java.lang.String)[pri:0, instance:testCases.TC_001AccountRegistration@77f80c04]" started-at="2025-11-26T13:19:41 IST" name="setup" finished-at="2025-11-26T13:19:45 IST" duration-ms="3839" status="PASS">
          <params>
            <param index="0">
              <value>
                <![CDATA[windows]]>
              </value>
            </param>
            <param index="1">
              <value>
                <![CDATA[chrome]]>
              </value>
            </param>
          </params>
          <reporter-output>
          </reporter-output>
        </test-method> <!-- setup -->
        <test-method signature="test_account_Registration()[pri:0, instance:testCases.TC_001AccountRegistration@77f80c04]" started-at="2025-11-26T13:19:45 IST" name="test_account_Registration" finished-at="2025-11-26T13:19:48 IST" duration-ms="3828" status="PASS">
          <reporter-output>
          </reporter-output>
        </test-method> <!-- test_account_Registration -->
        <test-method is-config="true" signature="teardown()[pri:0, instance:testCases.TC_001AccountRegistration@77f80c04]" started-at="2025-11-26T13:19:48 IST" name="teardown" finished-at="2025-11-26T13:19:49 IST" duration-ms="213" status="PASS">
          <reporter-output>
          </reporter-output>
        </test-method> <!-- teardown -->
      </class> <!-- testCases.TC_001AccountRegistration -->
    </test> <!-- Test -->
  </suite> <!-- Suite -->
</testng-results>
