<?xml version="1.0" encoding="UTF-8"?>
<!-- Generated by org.testng.reporters.JUnitReportReporter -->
<testsuite hostname="DESKTOP-853UJB4" failures="0" tests="6" name="testCases.TC_003DDT" time="28.124" errors="0" timestamp="2025-11-07T20:02:58 IST" skipped="0">
  <testcase classname="testCases.TC_003DDT" name="dataDriventest" time="1.549"/>
  <testcase classname="testCases.TC_003DDT" name="dataDriventest" time="10.516"/>
  <testcase classname="testCases.TC_003DDT" name="dataDriventest" time="1.394"/>
  <testcase classname="testCases.TC_003DDT" name="dataDriventest" time="1.483"/>
  <testcase classname="testCases.TC_003DDT" name="dataDriventest" time="10.505"/>
  <testcase classname="testCases.TC_003DDT" name="dataDriventest" time="2.677"/>
</testsuite> <!-- testCases.TC_003DDT -->
